{"/home/runner/work/minfactory/minfactory/server/src/app.controller.ts": {"path":"/home/runner/work/minfactory/minfactory/server/src/app.controller.ts","statementMap":{"0":{"start":{"line":1,"column":0},"end":{"line":1,"column":59}},"1":{"start":{"line":2,"column":0},"end":{"line":2,"column":56}},"2":{"start":{"line":3,"column":0},"end":{"line":3,"column":64}},"3":{"start":{"line":4,"column":0},"end":{"line":4,"column":64}},"4":{"start":{"line":5,"column":0},"end":{"line":5,"column":55}},"5":{"start":{"line":9,"column":7},"end":{"line":18,"column":null}},"6":{"start":{"line":16,"column":4},"end":{"line":16,"column":41}},"7":{"start":{"line":9,"column":13},"end":{"line":9,"column":26}},"8":{"start":{"line":15,"column":9},"end":{"line":17,"column":null}},"9":{"start":{"line":9,"column":13},"end":{"line":18,"column":null}}},"fnMap":{"0":{"name":"(anonymous_2)","decl":{"start":{"line":15,"column":9},"end":{"line":15,"column":18}},"loc":{"start":{"line":15,"column":18},"end":{"line":17,"column":3}}}},"branchMap":{},"s":{"0":1,"1":1,"2":1,"3":1,"4":1,"5":1,"6":1,"7":1,"8":1,"9":1},"f":{"0":1},"b":{}}
,"/home/runner/work/minfactory/minfactory/server/src/core/settings/app-version.settings.ts": {"path":"/home/runner/work/minfactory/minfactory/server/src/core/settings/app-version.settings.ts","statementMap":{"0":{"start":{"line":1,"column":13},"end":{"line":4,"column":2}}},"fnMap":{},"branchMap":{},"s":{"0":1},"f":{},"b":{}}
,"/home/runner/work/minfactory/minfactory/server/src/features/minrps/minrps.controller.ts": {"path":"/home/runner/work/minfactory/minfactory/server/src/features/minrps/minrps.controller.ts","statementMap":{"0":{"start":{"line":1,"column":0},"end":{"line":1,"column":59}},"1":{"start":{"line":2,"column":0},"end":{"line":2,"column":56}},"2":{"start":{"line":3,"column":0},"end":{"line":3,"column":69}},"3":{"start":{"line":4,"column":0},"end":{"line":4,"column":66}},"4":{"start":{"line":5,"column":0},"end":{"line":5,"column":66}},"5":{"start":{"line":6,"column":0},"end":{"line":6,"column":57}},"6":{"start":{"line":10,"column":7},"end":{"line":28,"column":null}},"7":{"start":{"line":17,"column":4},"end":{"line":17,"column":36}},"8":{"start":{"line":26,"column":4},"end":{"line":26,"column":31}},"9":{"start":{"line":10,"column":13},"end":{"line":10,"column":29}},"10":{"start":{"line":16,"column":9},"end":{"line":18,"column":null}},"11":{"start":{"line":25,"column":9},"end":{"line":27,"column":null}},"12":{"start":{"line":10,"column":13},"end":{"line":28,"column":null}}},"fnMap":{"0":{"name":"(anonymous_2)","decl":{"start":{"line":16,"column":9},"end":{"line":16,"column":18}},"loc":{"start":{"line":16,"column":18},"end":{"line":18,"column":3}}},"1":{"name":"(anonymous_3)","decl":{"start":{"line":25,"column":9},"end":{"line":25,"column":19}},"loc":{"start":{"line":25,"column":19},"end":{"line":27,"column":3}}}},"branchMap":{},"s":{"0":1,"1":1,"2":1,"3":1,"4":1,"5":1,"6":1,"7":0,"8":0,"9":1,"10":1,"11":1,"12":1},"f":{"0":0,"1":0},"b":{}}
,"/home/runner/work/minfactory/minfactory/server/src/features/minrps/controllers/minrps-game.controller.ts": {"path":"/home/runner/work/minfactory/minfactory/server/src/features/minrps/controllers/minrps-game.controller.ts","statementMap":{"0":{"start":{"line":1,"column":0},"end":{"line":1,"column":null}},"1":{"start":{"line":11,"column":0},"end":{"line":11,"column":56}},"2":{"start":{"line":12,"column":0},"end":{"line":12,"column":76}},"3":{"start":{"line":13,"column":0},"end":{"line":13,"column":63}},"4":{"start":{"line":14,"column":0},"end":{"line":14,"column":68}},"5":{"start":{"line":15,"column":0},"end":{"line":15,"column":66}},"6":{"start":{"line":16,"column":0},"end":{"line":16,"column":66}},"7":{"start":{"line":17,"column":0},"end":{"line":17,"column":66}},"8":{"start":{"line":18,"column":0},"end":{"line":18,"column":66}},"9":{"start":{"line":19,"column":0},"end":{"line":19,"column":66}},"10":{"start":{"line":20,"column":0},"end":{"line":20,"column":66}},"11":{"start":{"line":21,"column":0},"end":{"line":21,"column":72}},"12":{"start":{"line":22,"column":0},"end":{"line":22,"column":57}},"13":{"start":{"line":26,"column":7},"end":{"line":70,"column":null}},"14":{"start":{"line":27,"column":31},"end":{"line":27,"column":44}},"15":{"start":{"line":38,"column":4},"end":{"line":38,"column":42}},"16":{"start":{"line":49,"column":4},"end":{"line":49,"column":46}},"17":{"start":{"line":58,"column":4},"end":{"line":58,"column":48}},"18":{"start":{"line":68,"column":4},"end":{"line":68,"column":50}},"19":{"start":{"line":26,"column":13},"end":{"line":26,"column":33}},"20":{"start":{"line":37,"column":15},"end":{"line":39,"column":null}},"21":{"start":{"line":48,"column":15},"end":{"line":50,"column":null}},"22":{"start":{"line":57,"column":15},"end":{"line":59,"column":null}},"23":{"start":{"line":67,"column":15},"end":{"line":69,"column":null}},"24":{"start":{"line":26,"column":13},"end":{"line":70,"column":null}}},"fnMap":{"0":{"name":"(anonymous_4)","decl":{"start":{"line":27,"column":2},"end":{"line":27,"column":31}},"loc":{"start":{"line":27,"column":61},"end":{"line":27,"column":65}}},"1":{"name":"(anonymous_5)","decl":{"start":{"line":37,"column":9},"end":{"line":37,"column":14}},"loc":{"start":{"line":37,"column":66},"end":{"line":39,"column":3}}},"2":{"name":"(anonymous_6)","decl":{"start":{"line":48,"column":9},"end":{"line":48,"column":14}},"loc":{"start":{"line":48,"column":63},"end":{"line":50,"column":3}}},"3":{"name":"(anonymous_7)","decl":{"start":{"line":57,"column":9},"end":{"line":57,"column":14}},"loc":{"start":{"line":57,"column":21},"end":{"line":59,"column":3}}},"4":{"name":"(anonymous_8)","decl":{"start":{"line":67,"column":9},"end":{"line":67,"column":14}},"loc":{"start":{"line":67,"column":54},"end":{"line":69,"column":3}}}},"branchMap":{"0":{"loc":{"start":{"line":37,"column":69},"end":{"line":37,"column":null}},"type":"cond-expr","locations":[{"start":{"line":37,"column":76},"end":{"line":37,"column":null}},{"start":{"line":37,"column":76},"end":{"line":37,"column":null}}]},"1":{"loc":{"start":{"line":37,"column":69},"end":{"line":37,"column":76}},"type":"binary-expr","locations":[{"start":{"line":37,"column":69},"end":{"line":37,"column":null}},{"start":{"line":37,"column":69},"end":{"line":37,"column":76}}]},"2":{"loc":{"start":{"line":48,"column":66},"end":{"line":48,"column":null}},"type":"cond-expr","locations":[{"start":{"line":48,"column":73},"end":{"line":48,"column":null}},{"start":{"line":48,"column":73},"end":{"line":48,"column":null}}]},"3":{"loc":{"start":{"line":48,"column":66},"end":{"line":48,"column":73}},"type":"binary-expr","locations":[{"start":{"line":48,"column":66},"end":{"line":48,"column":null}},{"start":{"line":48,"column":66},"end":{"line":48,"column":73}}]},"4":{"loc":{"start":{"line":57,"column":25},"end":{"line":57,"column":null}},"type":"cond-expr","locations":[{"start":{"line":57,"column":32},"end":{"line":57,"column":null}},{"start":{"line":57,"column":32},"end":{"line":57,"column":null}}]},"5":{"loc":{"start":{"line":57,"column":25},"end":{"line":57,"column":32}},"type":"binary-expr","locations":[{"start":{"line":57,"column":25},"end":{"line":57,"column":null}},{"start":{"line":57,"column":25},"end":{"line":57,"column":32}}]},"6":{"loc":{"start":{"line":67,"column":35},"end":{"line":67,"column":57}},"type":"cond-expr","locations":[{"start":{"line":67,"column":54},"end":{"line":67,"column":57}},{"start":{"line":67,"column":54},"end":{"line":67,"column":57}}]},"7":{"loc":{"start":{"line":67,"column":35},"end":{"line":67,"column":54}},"type":"binary-expr","locations":[{"start":{"line":67,"column":35},"end":{"line":67,"column":57}},{"start":{"line":67,"column":35},"end":{"line":67,"column":54}}]},"8":{"loc":{"start":{"line":67,"column":57},"end":{"line":67,"column":null}},"type":"cond-expr","locations":[{"start":{"line":67,"column":64},"end":{"line":67,"column":null}},{"start":{"line":67,"column":64},"end":{"line":67,"column":null}}]},"9":{"loc":{"start":{"line":67,"column":57},"end":{"line":67,"column":64}},"type":"binary-expr","locations":[{"start":{"line":67,"column":57},"end":{"line":67,"column":null}},{"start":{"line":67,"column":57},"end":{"line":67,"column":64}}]},"10":{"loc":{"start":{"line":27,"column":44},"end":{"line":27,"column":64}},"type":"cond-expr","locations":[{"start":{"line":27,"column":61},"end":{"line":27,"column":64}},{"start":{"line":27,"column":61},"end":{"line":27,"column":64}}]},"11":{"loc":{"start":{"line":27,"column":44},"end":{"line":27,"column":61}},"type":"binary-expr","locations":[{"start":{"line":27,"column":44},"end":{"line":27,"column":64}},{"start":{"line":27,"column":44},"end":{"line":27,"column":61}}]}},"s":{"0":1,"1":1,"2":1,"3":1,"4":1,"5":1,"6":1,"7":1,"8":1,"9":1,"10":1,"11":1,"12":1,"13":1,"14":1,"15":0,"16":0,"17":0,"18":0,"19":1,"20":1,"21":1,"22":1,"23":1,"24":1},"f":{"0":1,"1":0,"2":0,"3":0,"4":0},"b":{"0":[1,0],"1":[1,1],"2":[1,0],"3":[1,1],"4":[1,0],"5":[1,1],"6":[1,0],"7":[1,1],"8":[1,0],"9":[1,1],"10":[1,0],"11":[1,1]}}
,"/home/runner/work/minfactory/minfactory/server/src/features/minrps/controllers/minrps-singleplayer.controller.ts": {"path":"/home/runner/work/minfactory/minfactory/server/src/features/minrps/controllers/minrps-singleplayer.controller.ts","statementMap":{"0":{"start":{"line":1,"column":0},"end":{"line":1,"column":66}},"1":{"start":{"line":2,"column":0},"end":{"line":2,"column":56}},"2":{"start":{"line":3,"column":0},"end":{"line":3,"column":76}},"3":{"start":{"line":4,"column":0},"end":{"line":4,"column":63}},"4":{"start":{"line":5,"column":0},"end":{"line":5,"column":84}},"5":{"start":{"line":6,"column":0},"end":{"line":6,"column":66}},"6":{"start":{"line":7,"column":0},"end":{"line":7,"column":66}},"7":{"start":{"line":8,"column":0},"end":{"line":8,"column":66}},"8":{"start":{"line":9,"column":0},"end":{"line":9,"column":66}},"9":{"start":{"line":10,"column":0},"end":{"line":10,"column":57}},"10":{"start":{"line":14,"column":7},"end":{"line":27,"column":null}},"11":{"start":{"line":15,"column":31},"end":{"line":15,"column":52}},"12":{"start":{"line":25,"column":4},"end":{"line":25,"column":50}},"13":{"start":{"line":14,"column":13},"end":{"line":14,"column":41}},"14":{"start":{"line":24,"column":9},"end":{"line":26,"column":null}},"15":{"start":{"line":14,"column":13},"end":{"line":27,"column":null}}},"fnMap":{"0":{"name":"(anonymous_4)","decl":{"start":{"line":15,"column":2},"end":{"line":15,"column":31}},"loc":{"start":{"line":15,"column":77},"end":{"line":15,"column":81}}},"1":{"name":"(anonymous_5)","decl":{"start":{"line":24,"column":9},"end":{"line":24,"column":13}},"loc":{"start":{"line":24,"column":40},"end":{"line":26,"column":3}}}},"branchMap":{"0":{"loc":{"start":{"line":24,"column":27},"end":{"line":24,"column":43}},"type":"cond-expr","locations":[{"start":{"line":24,"column":40},"end":{"line":24,"column":43}},{"start":{"line":24,"column":40},"end":{"line":24,"column":43}}]},"1":{"loc":{"start":{"line":24,"column":27},"end":{"line":24,"column":40}},"type":"binary-expr","locations":[{"start":{"line":24,"column":27},"end":{"line":24,"column":43}},{"start":{"line":24,"column":27},"end":{"line":24,"column":40}}]},"2":{"loc":{"start":{"line":24,"column":43},"end":{"line":24,"column":null}},"type":"cond-expr","locations":[{"start":{"line":24,"column":62},"end":{"line":24,"column":null}},{"start":{"line":24,"column":62},"end":{"line":24,"column":null}}]},"3":{"loc":{"start":{"line":24,"column":43},"end":{"line":24,"column":62}},"type":"binary-expr","locations":[{"start":{"line":24,"column":43},"end":{"line":24,"column":null}},{"start":{"line":24,"column":43},"end":{"line":24,"column":62}}]},"4":{"loc":{"start":{"line":15,"column":52},"end":{"line":15,"column":80}},"type":"cond-expr","locations":[{"start":{"line":15,"column":77},"end":{"line":15,"column":80}},{"start":{"line":15,"column":77},"end":{"line":15,"column":80}}]},"5":{"loc":{"start":{"line":15,"column":52},"end":{"line":15,"column":77}},"type":"binary-expr","locations":[{"start":{"line":15,"column":52},"end":{"line":15,"column":80}},{"start":{"line":15,"column":52},"end":{"line":15,"column":77}}]}},"s":{"0":1,"1":1,"2":1,"3":1,"4":1,"5":1,"6":1,"7":1,"8":1,"9":1,"10":1,"11":1,"12":0,"13":1,"14":1,"15":1},"f":{"0":1,"1":0},"b":{"0":[1,0],"1":[1,1],"2":[1,0],"3":[1,1],"4":[1,0],"5":[1,1]}}
,"/home/runner/work/minfactory/minfactory/server/src/features/minrps/gateways/minrps.gateway.ts": {"path":"/home/runner/work/minfactory/minfactory/server/src/features/minrps/gateways/minrps.gateway.ts","statementMap":{"0":{"start":{"line":1,"column":0},"end":{"line":1,"column":161}},"1":{"start":{"line":2,"column":0},"end":{"line":2,"column":43}},"2":{"start":{"line":3,"column":0},"end":{"line":3,"column":65}},"3":{"start":{"line":4,"column":0},"end":{"line":4,"column":73}},"4":{"start":{"line":5,"column":0},"end":{"line":5,"column":85}},"5":{"start":{"line":6,"column":0},"end":{"line":6,"column":91}},"6":{"start":{"line":17,"column":0},"end":{"line":17,"column":82}},"7":{"start":{"line":18,"column":0},"end":{"line":18,"column":69}},"8":{"start":{"line":24,"column":7},"end":{"line":167,"column":null}},"9":{"start":{"line":28,"column":31},"end":{"line":28,"column":51}},"10":{"start":{"line":35,"column":4},"end":{"line":38,"column":6}},"11":{"start":{"line":39,"column":47},"end":{"line":41,"column":null}},"12":{"start":{"line":43,"column":4},"end":{"line":43,"column":84}},"13":{"start":{"line":46,"column":52},"end":{"line":47,"column":null}},"14":{"start":{"line":49,"column":4},"end":{"line":49,"column":89}},"15":{"start":{"line":51,"column":4},"end":{"line":51,"column":33}},"16":{"start":{"line":59,"column":4},"end":{"line":59,"column":100}},"17":{"start":{"line":60,"column":43},"end":{"line":60,"column":98}},"18":{"start":{"line":61,"column":4},"end":{"line":61,"column":79}},"19":{"start":{"line":62,"column":52},"end":{"line":63,"column":null}},"20":{"start":{"line":65,"column":4},"end":{"line":65,"column":88}},"21":{"start":{"line":66,"column":4},"end":{"line":66,"column":33}},"22":{"start":{"line":73,"column":4},"end":{"line":76,"column":6}},"23":{"start":{"line":77,"column":52},"end":{"line":78,"column":null}},"24":{"start":{"line":80,"column":4},"end":{"line":80,"column":91}},"25":{"start":{"line":81,"column":4},"end":{"line":81,"column":33}},"26":{"start":{"line":89,"column":4},"end":{"line":89,"column":78}},"27":{"start":{"line":90,"column":54},"end":{"line":90,"column":99}},"28":{"start":{"line":92,"column":4},"end":{"line":101,"column":5}},"29":{"start":{"line":94,"column":6},"end":{"line":94,"column":84}},"30":{"start":{"line":97,"column":54},"end":{"line":98,"column":null}},"31":{"start":{"line":100,"column":6},"end":{"line":100,"column":89}},"32":{"start":{"line":103,"column":4},"end":{"line":103,"column":33}},"33":{"start":{"line":111,"column":4},"end":{"line":114,"column":6}},"34":{"start":{"line":116,"column":6},"end":{"line":116,"column":59}},"35":{"start":{"line":119,"column":4},"end":{"line":119,"column":84}},"36":{"start":{"line":122,"column":52},"end":{"line":123,"column":null}},"37":{"start":{"line":125,"column":4},"end":{"line":125,"column":93}},"38":{"start":{"line":127,"column":4},"end":{"line":127,"column":33}},"39":{"start":{"line":131,"column":4},"end":{"line":131,"column":50}},"40":{"start":{"line":132,"column":53},"end":{"line":132,"column":81}},"41":{"start":{"line":133,"column":4},"end":{"line":133,"column":52}},"42":{"start":{"line":134,"column":4},"end":{"line":134,"column":78}},"43":{"start":{"line":138,"column":4},"end":{"line":138,"column":53}},"44":{"start":{"line":139,"column":32},"end":{"line":139,"column":85}},"45":{"start":{"line":140,"column":41},"end":{"line":140,"column":93}},"46":{"start":{"line":141,"column":4},"end":{"line":141,"column":61}},"47":{"start":{"line":142,"column":4},"end":{"line":144,"column":5}},"48":{"start":{"line":143,"column":6},"end":{"line":143,"column":73}},"49":{"start":{"line":145,"column":4},"end":{"line":145,"column":54}},"50":{"start":{"line":146,"column":4},"end":{"line":155,"column":5}},"51":{"start":{"line":147,"column":61},"end":{"line":147,"column":92}},"52":{"start":{"line":148,"column":6},"end":{"line":148,"column":44}},"53":{"start":{"line":149,"column":6},"end":{"line":149,"column":59}},"54":{"start":{"line":150,"column":6},"end":{"line":150,"column":86}},"55":{"start":{"line":151,"column":54},"end":{"line":152,"column":null}},"56":{"start":{"line":154,"column":6},"end":{"line":154,"column":79}},"57":{"start":{"line":159,"column":4},"end":{"line":159,"column":80}},"58":{"start":{"line":160,"column":4},"end":{"line":160,"column":32}},"59":{"start":{"line":164,"column":4},"end":{"line":164,"column":66}},"60":{"start":{"line":165,"column":4},"end":{"line":165,"column":46}},"61":{"start":{"line":24,"column":13},"end":{"line":24,"column":26}},"62":{"start":{"line":26,"column":9},"end":{"line":26,"column":null}},"63":{"start":{"line":31,"column":9},"end":{"line":52,"column":null}},"64":{"start":{"line":55,"column":9},"end":{"line":67,"column":null}},"65":{"start":{"line":70,"column":9},"end":{"line":82,"column":null}},"66":{"start":{"line":85,"column":9},"end":{"line":104,"column":null}},"67":{"start":{"line":107,"column":9},"end":{"line":128,"column":null}},"68":{"start":{"line":24,"column":13},"end":{"line":167,"column":null}}},"fnMap":{"0":{"name":"(anonymous_4)","decl":{"start":{"line":28,"column":2},"end":{"line":28,"column":31}},"loc":{"start":{"line":28,"column":75},"end":{"line":28,"column":79}}},"1":{"name":"(anonymous_5)","decl":{"start":{"line":31,"column":9},"end":{"line":31,"column":24}},"loc":{"start":{"line":33,"column":49},"end":{"line":52,"column":3}}},"2":{"name":"(anonymous_6)","decl":{"start":{"line":55,"column":9},"end":{"line":55,"column":25}},"loc":{"start":{"line":57,"column":51},"end":{"line":67,"column":3}}},"3":{"name":"(anonymous_7)","decl":{"start":{"line":70,"column":9},"end":{"line":70,"column":28}},"loc":{"start":{"line":71,"column":57},"end":{"line":82,"column":3}}},"4":{"name":"(anonymous_8)","decl":{"start":{"line":85,"column":9},"end":{"line":85,"column":24}},"loc":{"start":{"line":87,"column":49},"end":{"line":104,"column":3}}},"5":{"name":"(anonymous_9)","decl":{"start":{"line":107,"column":9},"end":{"line":107,"column":30}},"loc":{"start":{"line":109,"column":61},"end":{"line":128,"column":3}}},"6":{"name":"(anonymous_10)","decl":{"start":{"line":130,"column":9},"end":{"line":130,"column":25}},"loc":{"start":{"line":130,"column":40},"end":{"line":135,"column":3}}},"7":{"name":"(anonymous_11)","decl":{"start":{"line":137,"column":9},"end":{"line":137,"column":25}},"loc":{"start":{"line":137,"column":40},"end":{"line":156,"column":3}}},"8":{"name":"(anonymous_12)","decl":{"start":{"line":158,"column":10},"end":{"line":158,"column":25}},"loc":{"start":{"line":158,"column":78},"end":{"line":161,"column":3}}},"9":{"name":"(anonymous_13)","decl":{"start":{"line":163,"column":10},"end":{"line":163,"column":23}},"loc":{"start":{"line":163,"column":74},"end":{"line":166,"column":3}}}},"branchMap":{"0":{"loc":{"start":{"line":92,"column":4},"end":{"line":101,"column":5}},"type":"if","locations":[{"start":{"line":92,"column":4},"end":{"line":101,"column":5}}]},"1":{"loc":{"start":{"line":142,"column":4},"end":{"line":144,"column":5}},"type":"if","locations":[{"start":{"line":142,"column":4},"end":{"line":144,"column":5}}]},"2":{"loc":{"start":{"line":149,"column":37},"end":{"line":149,"column":58}},"type":"binary-expr","locations":[{"start":{"line":149,"column":37},"end":{"line":149,"column":45}},{"start":{"line":149,"column":49},"end":{"line":149,"column":58}}]},"3":{"loc":{"start":{"line":26,"column":17},"end":{"line":26,"column":24}},"type":"cond-expr","locations":[{"start":{"line":26,"column":23},"end":{"line":26,"column":24}},{"start":{"line":26,"column":23},"end":{"line":26,"column":24}}]},"4":{"loc":{"start":{"line":26,"column":17},"end":{"line":26,"column":23}},"type":"binary-expr","locations":[{"start":{"line":26,"column":17},"end":{"line":26,"column":24}},{"start":{"line":26,"column":17},"end":{"line":26,"column":23}}]},"5":{"loc":{"start":{"line":32,"column":31},"end":{"line":32,"column":null}},"type":"cond-expr","locations":[{"start":{"line":32,"column":37},"end":{"line":32,"column":null}},{"start":{"line":32,"column":37},"end":{"line":32,"column":null}}]},"6":{"loc":{"start":{"line":32,"column":31},"end":{"line":32,"column":37}},"type":"binary-expr","locations":[{"start":{"line":32,"column":31},"end":{"line":32,"column":null}},{"start":{"line":32,"column":31},"end":{"line":32,"column":37}}]},"7":{"loc":{"start":{"line":34,"column":5},"end":{"line":34,"column":null}},"type":"cond-expr","locations":[{"start":{"line":34,"column":20},"end":{"line":34,"column":null}},{"start":{"line":34,"column":20},"end":{"line":34,"column":null}}]},"8":{"loc":{"start":{"line":34,"column":5},"end":{"line":34,"column":20}},"type":"binary-expr","locations":[{"start":{"line":34,"column":5},"end":{"line":34,"column":null}},{"start":{"line":34,"column":5},"end":{"line":34,"column":20}}]},"9":{"loc":{"start":{"line":56,"column":31},"end":{"line":56,"column":null}},"type":"cond-expr","locations":[{"start":{"line":56,"column":37},"end":{"line":56,"column":null}},{"start":{"line":56,"column":37},"end":{"line":56,"column":null}}]},"10":{"loc":{"start":{"line":56,"column":31},"end":{"line":56,"column":37}},"type":"binary-expr","locations":[{"start":{"line":56,"column":31},"end":{"line":56,"column":null}},{"start":{"line":56,"column":31},"end":{"line":56,"column":37}}]},"11":{"loc":{"start":{"line":58,"column":5},"end":{"line":58,"column":null}},"type":"cond-expr","locations":[{"start":{"line":58,"column":20},"end":{"line":58,"column":null}},{"start":{"line":58,"column":20},"end":{"line":58,"column":null}}]},"12":{"loc":{"start":{"line":58,"column":5},"end":{"line":58,"column":20}},"type":"binary-expr","locations":[{"start":{"line":58,"column":5},"end":{"line":58,"column":null}},{"start":{"line":58,"column":5},"end":{"line":58,"column":20}}]},"13":{"loc":{"start":{"line":72,"column":5},"end":{"line":72,"column":null}},"type":"cond-expr","locations":[{"start":{"line":72,"column":20},"end":{"line":72,"column":null}},{"start":{"line":72,"column":20},"end":{"line":72,"column":null}}]},"14":{"loc":{"start":{"line":72,"column":5},"end":{"line":72,"column":20}},"type":"binary-expr","locations":[{"start":{"line":72,"column":5},"end":{"line":72,"column":null}},{"start":{"line":72,"column":5},"end":{"line":72,"column":20}}]},"15":{"loc":{"start":{"line":86,"column":31},"end":{"line":86,"column":null}},"type":"cond-expr","locations":[{"start":{"line":86,"column":37},"end":{"line":86,"column":null}},{"start":{"line":86,"column":37},"end":{"line":86,"column":null}}]},"16":{"loc":{"start":{"line":86,"column":31},"end":{"line":86,"column":37}},"type":"binary-expr","locations":[{"start":{"line":86,"column":31},"end":{"line":86,"column":null}},{"start":{"line":86,"column":31},"end":{"line":86,"column":37}}]},"17":{"loc":{"start":{"line":88,"column":5},"end":{"line":88,"column":null}},"type":"cond-expr","locations":[{"start":{"line":88,"column":20},"end":{"line":88,"column":null}},{"start":{"line":88,"column":20},"end":{"line":88,"column":null}}]},"18":{"loc":{"start":{"line":88,"column":5},"end":{"line":88,"column":20}},"type":"binary-expr","locations":[{"start":{"line":88,"column":5},"end":{"line":88,"column":null}},{"start":{"line":88,"column":5},"end":{"line":88,"column":20}}]},"19":{"loc":{"start":{"line":108,"column":31},"end":{"line":108,"column":null}},"type":"cond-expr","locations":[{"start":{"line":108,"column":37},"end":{"line":108,"column":null}},{"start":{"line":108,"column":37},"end":{"line":108,"column":null}}]},"20":{"loc":{"start":{"line":108,"column":31},"end":{"line":108,"column":37}},"type":"binary-expr","locations":[{"start":{"line":108,"column":31},"end":{"line":108,"column":null}},{"start":{"line":108,"column":31},"end":{"line":108,"column":37}}]},"21":{"loc":{"start":{"line":110,"column":5},"end":{"line":110,"column":null}},"type":"cond-expr","locations":[{"start":{"line":110,"column":20},"end":{"line":110,"column":null}},{"start":{"line":110,"column":20},"end":{"line":110,"column":null}}]},"22":{"loc":{"start":{"line":110,"column":5},"end":{"line":110,"column":20}},"type":"binary-expr","locations":[{"start":{"line":110,"column":5},"end":{"line":110,"column":null}},{"start":{"line":110,"column":5},"end":{"line":110,"column":20}}]},"23":{"loc":{"start":{"line":28,"column":51},"end":{"line":28,"column":78}},"type":"cond-expr","locations":[{"start":{"line":28,"column":75},"end":{"line":28,"column":78}},{"start":{"line":28,"column":75},"end":{"line":28,"column":78}}]},"24":{"loc":{"start":{"line":28,"column":51},"end":{"line":28,"column":75}},"type":"binary-expr","locations":[{"start":{"line":28,"column":51},"end":{"line":28,"column":78}},{"start":{"line":28,"column":51},"end":{"line":28,"column":75}}]}},"s":{"0":0,"1":0,"2":0,"3":0,"4":0,"5":0,"6":0,"7":0,"8":0,"9":0,"10":0,"11":0,"12":0,"13":0,"14":0,"15":0,"16":0,"17":0,"18":0,"19":0,"20":0,"21":0,"22":0,"23":0,"24":0,"25":0,"26":0,"27":0,"28":0,"29":0,"30":0,"31":0,"32":0,"33":0,"34":0,"35":0,"36":0,"37":0,"38":0,"39":0,"40":0,"41":0,"42":0,"43":0,"44":0,"45":0,"46":0,"47":0,"48":0,"49":0,"50":0,"51":0,"52":0,"53":0,"54":0,"55":0,"56":0,"57":0,"58":0,"59":0,"60":0,"61":0,"62":0,"63":0,"64":0,"65":0,"66":0,"67":0,"68":0},"f":{"0":0,"1":0,"2":0,"3":0,"4":0,"5":0,"6":0,"7":0,"8":0,"9":0},"b":{"0":[0],"1":[0],"2":[0,0],"3":[0,0],"4":[0,0],"5":[0,0],"6":[0,0],"7":[0,0],"8":[0,0],"9":[0,0],"10":[0,0],"11":[0,0],"12":[0,0],"13":[0,0],"14":[0,0],"15":[0,0],"16":[0,0],"17":[0,0],"18":[0,0],"19":[0,0],"20":[0,0],"21":[0,0],"22":[0,0],"23":[0,0],"24":[0,0]}}
,"/home/runner/work/minfactory/minfactory/server/src/features/minrps/mapper/minrps-domain.mapper.ts": {"path":"/home/runner/work/minfactory/minfactory/server/src/features/minrps/mapper/minrps-domain.mapper.ts","statementMap":{"0":{"start":{"line":2,"column":0},"end":{"line":2,"column":63}},"1":{"start":{"line":3,"column":0},"end":{"line":3,"column":76}},"2":{"start":{"line":4,"column":0},"end":{"line":4,"column":73}},"3":{"start":{"line":5,"column":0},"end":{"line":5,"column":71}},"4":{"start":{"line":9,"column":31},"end":{"line":9,"column":50}},"5":{"start":{"line":11,"column":4},"end":{"line":11,"column":37}},"6":{"start":{"line":12,"column":4},"end":{"line":12,"column":23}},"7":{"start":{"line":13,"column":4},"end":{"line":13,"column":27}},"8":{"start":{"line":14,"column":4},"end":{"line":14,"column":45}},"9":{"start":{"line":15,"column":4},"end":{"line":15,"column":74}},"10":{"start":{"line":17,"column":4},"end":{"line":17,"column":15}},"11":{"start":{"line":21,"column":37},"end":{"line":21,"column":59}},"12":{"start":{"line":23,"column":4},"end":{"line":23,"column":40}},"13":{"start":{"line":24,"column":4},"end":{"line":24,"column":26}},"14":{"start":{"line":25,"column":4},"end":{"line":25,"column":30}},"15":{"start":{"line":27,"column":4},"end":{"line":27,"column":18}},"16":{"start":{"line":31,"column":37},"end":{"line":31,"column":62}},"17":{"start":{"line":33,"column":4},"end":{"line":33,"column":42}},"18":{"start":{"line":34,"column":4},"end":{"line":34,"column":42}},"19":{"start":{"line":35,"column":4},"end":{"line":35,"column":35}},"20":{"start":{"line":37,"column":4},"end":{"line":37,"column":15}},"21":{"start":{"line":7,"column":0},"end":{"line":7,"column":13}}},"fnMap":{"0":{"name":"(anonymous_0)","decl":{"start":{"line":8,"column":9},"end":{"line":8,"column":15}},"loc":{"start":{"line":8,"column":46},"end":{"line":18,"column":3}}},"1":{"name":"(anonymous_1)","decl":{"start":{"line":20,"column":9},"end":{"line":20,"column":15}},"loc":{"start":{"line":20,"column":49},"end":{"line":28,"column":3}}},"2":{"name":"(anonymous_2)","decl":{"start":{"line":30,"column":9},"end":{"line":30,"column":15}},"loc":{"start":{"line":30,"column":56},"end":{"line":38,"column":3}}}},"branchMap":{"0":{"loc":{"start":{"line":15,"column":23},"end":{"line":15,"column":45}},"type":"cond-expr","locations":[{"start":{"line":15,"column":40},"end":{"line":15,"column":41}},{"start":{"line":15,"column":44},"end":{"line":15,"column":45}}]},"1":{"loc":{"start":{"line":15,"column":50},"end":{"line":15,"column":72}},"type":"cond-expr","locations":[{"start":{"line":15,"column":67},"end":{"line":15,"column":68}},{"start":{"line":15,"column":71},"end":{"line":15,"column":72}}]}},"s":{"0":4,"1":4,"2":4,"3":4,"4":0,"5":0,"6":0,"7":0,"8":0,"9":0,"10":0,"11":0,"12":0,"13":0,"14":0,"15":0,"16":0,"17":0,"18":0,"19":0,"20":0,"21":4},"f":{"0":0,"1":0,"2":0},"b":{"0":[0,0],"1":[0,0]}}
,"/home/runner/work/minfactory/minfactory/server/src/features/minrps/mapper/minrps-dto.mapper.ts": {"path":"/home/runner/work/minfactory/minfactory/server/src/features/minrps/mapper/minrps-dto.mapper.ts","statementMap":{"0":{"start":{"line":1,"column":0},"end":{"line":1,"column":59}},"1":{"start":{"line":2,"column":0},"end":{"line":2,"column":63}},"2":{"start":{"line":8,"column":31},"end":{"line":8,"column":47}},"3":{"start":{"line":10,"column":4},"end":{"line":10,"column":27}},"4":{"start":{"line":12,"column":4},"end":{"line":12,"column":18}},"5":{"start":{"line":16,"column":31},"end":{"line":16,"column":47}},"6":{"start":{"line":18,"column":4},"end":{"line":18,"column":42}},"7":{"start":{"line":19,"column":4},"end":{"line":19,"column":43}},"8":{"start":{"line":21,"column":4},"end":{"line":21,"column":18}},"9":{"start":{"line":6,"column":0},"end":{"line":6,"column":13}}},"fnMap":{"0":{"name":"(anonymous_0)","decl":{"start":{"line":7,"column":9},"end":{"line":7,"column":15}},"loc":{"start":{"line":7,"column":58},"end":{"line":13,"column":3}}},"1":{"name":"(anonymous_1)","decl":{"start":{"line":15,"column":9},"end":{"line":15,"column":15}},"loc":{"start":{"line":15,"column":50},"end":{"line":22,"column":3}}}},"branchMap":{},"s":{"0":4,"1":4,"2":0,"3":0,"4":0,"5":0,"6":0,"7":0,"8":0,"9":4},"f":{"0":0,"1":0},"b":{}}
,"/home/runner/work/minfactory/minfactory/server/src/features/minrps/mapper/minrps-entity.mapper.ts": {"path":"/home/runner/work/minfactory/minfactory/server/src/features/minrps/mapper/minrps-entity.mapper.ts","statementMap":{"0":{"start":{"line":1,"column":0},"end":{"line":1,"column":59}},"1":{"start":{"line":6,"column":31},"end":{"line":6,"column":47}},"2":{"start":{"line":8,"column":4},"end":{"line":8,"column":40}},"3":{"start":{"line":9,"column":4},"end":{"line":9,"column":26}},"4":{"start":{"line":10,"column":4},"end":{"line":10,"column":30}},"5":{"start":{"line":12,"column":4},"end":{"line":12,"column":18}},"6":{"start":{"line":4,"column":0},"end":{"line":4,"column":13}}},"fnMap":{"0":{"name":"(anonymous_0)","decl":{"start":{"line":5,"column":9},"end":{"line":5,"column":15}},"loc":{"start":{"line":5,"column":55},"end":{"line":13,"column":3}}}},"branchMap":{},"s":{"0":2,"1":0,"2":0,"3":0,"4":0,"5":0,"6":2},"f":{"0":0},"b":{}}
,"/home/runner/work/minfactory/minfactory/server/src/features/minrps/models/domains/minrps-game.ts": {"path":"/home/runner/work/minfactory/minfactory/server/src/features/minrps/models/domains/minrps-game.ts","statementMap":{"0":{"start":{"line":1,"column":0},"end":{"line":1,"column":64}},"1":{"start":{"line":2,"column":0},"end":{"line":2,"column":55}},"2":{"start":{"line":3,"column":0},"end":{"line":3,"column":47}},"3":{"start":{"line":4,"column":0},"end":{"line":4,"column":78}},"4":{"start":{"line":7,"column":27},"end":{"line":7,"column":37}},"5":{"start":{"line":8,"column":22},"end":{"line":8,"column":41}},"6":{"start":{"line":9,"column":24},"end":{"line":9,"column":26}},"7":{"start":{"line":10,"column":33},"end":{"line":10,"column":34}},"8":{"start":{"line":11,"column":33},"end":{"line":11,"column":51}},"9":{"start":{"line":12,"column":33},"end":{"line":12,"column":51}},"10":{"start":{"line":15,"column":4},"end":{"line":15,"column":25}},"11":{"start":{"line":19,"column":4},"end":{"line":19,"column":22}},"12":{"start":{"line":20,"column":36},"end":{"line":20,"column":53}},"13":{"start":{"line":21,"column":36},"end":{"line":21,"column":53}},"14":{"start":{"line":22,"column":4},"end":{"line":28,"column":5}},"15":{"start":{"line":23,"column":6},"end":{"line":23,"column":31}},"16":{"start":{"line":25,"column":6},"end":{"line":27,"column":31}},"17":{"start":{"line":32,"column":4},"end":{"line":32,"column":26}},"18":{"start":{"line":36,"column":4},"end":{"line":38,"column":5}},"19":{"start":{"line":37,"column":6},"end":{"line":37,"column":31}},"20":{"start":{"line":42,"column":4},"end":{"line":42,"column":26}},"21":{"start":{"line":46,"column":4},"end":{"line":48,"column":5}},"22":{"start":{"line":47,"column":6},"end":{"line":47,"column":31}},"23":{"start":{"line":52,"column":4},"end":{"line":54,"column":5}},"24":{"start":{"line":53,"column":6},"end":{"line":53,"column":66}},"25":{"start":{"line":58,"column":4},"end":{"line":67,"column":5}},"26":{"start":{"line":60,"column":8},"end":{"line":60,"column":32}},"27":{"start":{"line":62,"column":8},"end":{"line":62,"column":35}},"28":{"start":{"line":64,"column":8},"end":{"line":64,"column":31}},"29":{"start":{"line":66,"column":8},"end":{"line":66,"column":31}},"30":{"start":{"line":6,"column":0},"end":{"line":6,"column":13}}},"fnMap":{"0":{"name":"(anonymous_0)","decl":{"start":{"line":14,"column":9},"end":{"line":14,"column":20}},"loc":{"start":{"line":14,"column":20},"end":{"line":16,"column":3}}},"1":{"name":"(anonymous_1)","decl":{"start":{"line":18,"column":9},"end":{"line":18,"column":18}},"loc":{"start":{"line":18,"column":18},"end":{"line":29,"column":3}}},"2":{"name":"(anonymous_2)","decl":{"start":{"line":31,"column":9},"end":{"line":31,"column":19}},"loc":{"start":{"line":31,"column":40},"end":{"line":33,"column":3}}},"3":{"name":"(anonymous_3)","decl":{"start":{"line":35,"column":9},"end":{"line":35,"column":23}},"loc":{"start":{"line":35,"column":40},"end":{"line":39,"column":3}}},"4":{"name":"(anonymous_4)","decl":{"start":{"line":41,"column":9},"end":{"line":41,"column":19}},"loc":{"start":{"line":41,"column":40},"end":{"line":43,"column":3}}},"5":{"name":"(anonymous_5)","decl":{"start":{"line":45,"column":9},"end":{"line":45,"column":23}},"loc":{"start":{"line":45,"column":40},"end":{"line":49,"column":3}}},"6":{"name":"(anonymous_6)","decl":{"start":{"line":51,"column":10},"end":{"line":51,"column":20}},"loc":{"start":{"line":51,"column":20},"end":{"line":55,"column":3}}},"7":{"name":"(anonymous_7)","decl":{"start":{"line":57,"column":10},"end":{"line":57,"column":26}},"loc":{"start":{"line":57,"column":49},"end":{"line":68,"column":3}}}},"branchMap":{"0":{"loc":{"start":{"line":22,"column":4},"end":{"line":28,"column":5}},"type":"if","locations":[{"start":{"line":22,"column":4},"end":{"line":28,"column":5}},{"start":{"line":24,"column":11},"end":{"line":28,"column":5}}]},"1":{"loc":{"start":{"line":25,"column":13},"end":{"line":27,"column":30}},"type":"cond-expr","locations":[{"start":{"line":26,"column":10},"end":{"line":26,"column":30}},{"start":{"line":27,"column":10},"end":{"line":27,"column":30}}]},"2":{"loc":{"start":{"line":36,"column":4},"end":{"line":38,"column":5}},"type":"if","locations":[{"start":{"line":36,"column":4},"end":{"line":38,"column":5}}]},"3":{"loc":{"start":{"line":46,"column":4},"end":{"line":48,"column":5}},"type":"if","locations":[{"start":{"line":46,"column":4},"end":{"line":48,"column":5}}]},"4":{"loc":{"start":{"line":52,"column":4},"end":{"line":54,"column":5}},"type":"if","locations":[{"start":{"line":52,"column":4},"end":{"line":54,"column":5}}]},"5":{"loc":{"start":{"line":52,"column":8},"end":{"line":52,"column":86}},"type":"binary-expr","locations":[{"start":{"line":52,"column":8},"end":{"line":52,"column":45}},{"start":{"line":52,"column":49},"end":{"line":52,"column":86}}]},"6":{"loc":{"start":{"line":58,"column":4},"end":{"line":67,"column":5}},"type":"switch","locations":[{"start":{"line":59,"column":6},"end":{"line":60,"column":32}},{"start":{"line":61,"column":6},"end":{"line":62,"column":35}},{"start":{"line":63,"column":6},"end":{"line":64,"column":31}},{"start":{"line":65,"column":6},"end":{"line":66,"column":31}}]}},"s":{"0":4,"1":4,"2":4,"3":4,"4":0,"5":0,"6":0,"7":0,"8":0,"9":0,"10":0,"11":0,"12":0,"13":0,"14":0,"15":0,"16":0,"17":0,"18":0,"19":0,"20":0,"21":0,"22":0,"23":0,"24":0,"25":0,"26":0,"27":0,"28":0,"29":0,"30":4},"f":{"0":0,"1":0,"2":0,"3":0,"4":0,"5":0,"6":0,"7":0},"b":{"0":[0,0],"1":[0,0],"2":[0],"3":[0],"4":[0],"5":[0,0],"6":[0,0,0,0]}}
,"/home/runner/work/minfactory/minfactory/server/src/features/minrps/models/domains/minrps-player.ts": {"path":"/home/runner/work/minfactory/minfactory/server/src/features/minrps/models/domains/minrps-player.ts","statementMap":{"0":{"start":{"line":1,"column":0},"end":{"line":1,"column":55}},"1":{"start":{"line":4,"column":28},"end":{"line":4,"column":43}},"2":{"start":{"line":5,"column":24},"end":{"line":5,"column":26}},"3":{"start":{"line":3,"column":0},"end":{"line":3,"column":13}}},"fnMap":{},"branchMap":{},"s":{"0":4,"1":0,"2":0,"3":4},"f":{},"b":{}}
,"/home/runner/work/minfactory/minfactory/server/src/features/minrps/models/enums/minrps-game-event.enum.ts": {"path":"/home/runner/work/minfactory/minfactory/server/src/features/minrps/models/enums/minrps-game-event.enum.ts","statementMap":{"0":{"start":{"line":1,"column":0},"end":{"line":1,"column":null}},"1":{"start":{"line":2,"column":2},"end":{"line":2,"column":null}},"2":{"start":{"line":3,"column":2},"end":{"line":3,"column":null}},"3":{"start":{"line":4,"column":2},"end":{"line":4,"column":null}},"4":{"start":{"line":5,"column":2},"end":{"line":5,"column":null}},"5":{"start":{"line":6,"column":2},"end":{"line":6,"column":null}},"6":{"start":{"line":7,"column":2},"end":{"line":7,"column":null}},"7":{"start":{"line":8,"column":2},"end":{"line":8,"column":null}},"8":{"start":{"line":9,"column":2},"end":{"line":9,"column":null}},"9":{"start":{"line":10,"column":2},"end":{"line":10,"column":null}},"10":{"start":{"line":11,"column":2},"end":{"line":11,"column":null}},"11":{"start":{"line":12,"column":2},"end":{"line":12,"column":null}},"12":{"start":{"line":13,"column":2},"end":{"line":13,"column":null}}},"fnMap":{"0":{"name":"(anonymous_0)","decl":{"start":{"line":1,"column":0},"end":{"line":1,"column":12}},"loc":{"start":{"line":1,"column":27},"end":{"line":14,"column":1}}}},"branchMap":{"0":{"loc":{"start":{"line":1,"column":12},"end":{"line":1,"column":null}},"type":"binary-expr","locations":[{"start":{"line":1,"column":12},"end":{"line":1,"column":27}},{"start":{"line":1,"column":27},"end":{"line":1,"column":null}}]}},"s":{"0":0,"1":0,"2":0,"3":0,"4":0,"5":0,"6":0,"7":0,"8":0,"9":0,"10":0,"11":0,"12":0},"f":{"0":0},"b":{"0":[0,0]}}
,"/home/runner/work/minfactory/minfactory/server/src/features/minrps/models/enums/minrps-game-phase.enum.ts": {"path":"/home/runner/work/minfactory/minfactory/server/src/features/minrps/models/enums/minrps-game-phase.enum.ts","statementMap":{"0":{"start":{"line":1,"column":0},"end":{"line":1,"column":null}},"1":{"start":{"line":2,"column":2},"end":{"line":2,"column":null}},"2":{"start":{"line":3,"column":2},"end":{"line":3,"column":null}},"3":{"start":{"line":4,"column":2},"end":{"line":4,"column":null}},"4":{"start":{"line":5,"column":2},"end":{"line":5,"column":null}},"5":{"start":{"line":6,"column":2},"end":{"line":6,"column":null}}},"fnMap":{"0":{"name":"(anonymous_0)","decl":{"start":{"line":1,"column":0},"end":{"line":1,"column":12}},"loc":{"start":{"line":1,"column":27},"end":{"line":7,"column":1}}}},"branchMap":{"0":{"loc":{"start":{"line":1,"column":12},"end":{"line":1,"column":null}},"type":"binary-expr","locations":[{"start":{"line":1,"column":12},"end":{"line":1,"column":27}},{"start":{"line":1,"column":27},"end":{"line":1,"column":null}}]}},"s":{"0":0,"1":0,"2":0,"3":0,"4":0,"5":0},"f":{"0":0},"b":{"0":[0,0]}}
,"/home/runner/work/minfactory/minfactory/server/src/features/minrps/models/enums/minrps-game-result.enum.ts": {"path":"/home/runner/work/minfactory/minfactory/server/src/features/minrps/models/enums/minrps-game-result.enum.ts","statementMap":{"0":{"start":{"line":1,"column":0},"end":{"line":1,"column":null}},"1":{"start":{"line":2,"column":2},"end":{"line":2,"column":null}},"2":{"start":{"line":3,"column":2},"end":{"line":3,"column":null}},"3":{"start":{"line":4,"column":2},"end":{"line":4,"column":null}},"4":{"start":{"line":5,"column":2},"end":{"line":5,"column":null}}},"fnMap":{"0":{"name":"(anonymous_0)","decl":{"start":{"line":1,"column":0},"end":{"line":1,"column":12}},"loc":{"start":{"line":1,"column":24},"end":{"line":6,"column":1}}}},"branchMap":{"0":{"loc":{"start":{"line":1,"column":12},"end":{"line":1,"column":null}},"type":"binary-expr","locations":[{"start":{"line":1,"column":12},"end":{"line":1,"column":24}},{"start":{"line":1,"column":24},"end":{"line":1,"column":null}}]}},"s":{"0":5,"1":5,"2":5,"3":5,"4":5},"f":{"0":5},"b":{"0":[5,5]}}
,"/home/runner/work/minfactory/minfactory/server/src/features/minrps/models/enums/minrps-move.enum.ts": {"path":"/home/runner/work/minfactory/minfactory/server/src/features/minrps/models/enums/minrps-move.enum.ts","statementMap":{"0":{"start":{"line":1,"column":0},"end":{"line":1,"column":null}},"1":{"start":{"line":2,"column":2},"end":{"line":2,"column":null}},"2":{"start":{"line":3,"column":2},"end":{"line":3,"column":null}},"3":{"start":{"line":4,"column":2},"end":{"line":4,"column":null}},"4":{"start":{"line":5,"column":2},"end":{"line":5,"column":null}}},"fnMap":{"0":{"name":"(anonymous_0)","decl":{"start":{"line":1,"column":0},"end":{"line":1,"column":12}},"loc":{"start":{"line":1,"column":22},"end":{"line":6,"column":1}}}},"branchMap":{"0":{"loc":{"start":{"line":1,"column":12},"end":{"line":1,"column":null}},"type":"binary-expr","locations":[{"start":{"line":1,"column":12},"end":{"line":1,"column":22}},{"start":{"line":1,"column":22},"end":{"line":1,"column":null}}]}},"s":{"0":5,"1":5,"2":5,"3":5,"4":5},"f":{"0":5},"b":{"0":[5,5]}}
,"/home/runner/work/minfactory/minfactory/server/src/features/minrps/models/payloads/minrps-connected.payload.ts": {"path":"/home/runner/work/minfactory/minfactory/server/src/features/minrps/models/payloads/minrps-connected.payload.ts","statementMap":{"0":{"start":{"line":1,"column":0},"end":{"line":1,"column":13}}},"fnMap":{},"branchMap":{},"s":{"0":0},"f":{},"b":{}}
,"/home/runner/work/minfactory/minfactory/server/src/features/minrps/models/payloads/minrps-disconnected.payload.ts": {"path":"/home/runner/work/minfactory/minfactory/server/src/features/minrps/models/payloads/minrps-disconnected.payload.ts","statementMap":{"0":{"start":{"line":1,"column":0},"end":{"line":1,"column":13}}},"fnMap":{},"branchMap":{},"s":{"0":0},"f":{},"b":{}}
,"/home/runner/work/minfactory/minfactory/server/src/features/minrps/models/payloads/minrps-game-state-update.payload.ts": {"path":"/home/runner/work/minfactory/minfactory/server/src/features/minrps/models/payloads/minrps-game-state-update.payload.ts","statementMap":{"0":{"start":{"line":3,"column":0},"end":{"line":3,"column":13}}},"fnMap":{},"branchMap":{},"s":{"0":1},"f":{},"b":{}}
,"/home/runner/work/minfactory/minfactory/server/src/features/minrps/models/payloads/minrps-join.payload.ts": {"path":"/home/runner/work/minfactory/minfactory/server/src/features/minrps/models/payloads/minrps-join.payload.ts","statementMap":{"0":{"start":{"line":1,"column":0},"end":{"line":1,"column":13}}},"fnMap":{},"branchMap":{},"s":{"0":0},"f":{},"b":{}}
,"/home/runner/work/minfactory/minfactory/server/src/features/minrps/models/payloads/minrps-joined.payload.ts": {"path":"/home/runner/work/minfactory/minfactory/server/src/features/minrps/models/payloads/minrps-joined.payload.ts","statementMap":{"0":{"start":{"line":1,"column":0},"end":{"line":1,"column":13}}},"fnMap":{},"branchMap":{},"s":{"0":1},"f":{},"b":{}}
,"/home/runner/work/minfactory/minfactory/server/src/features/minrps/models/payloads/minrps-leave.payload.ts": {"path":"/home/runner/work/minfactory/minfactory/server/src/features/minrps/models/payloads/minrps-leave.payload.ts","statementMap":{"0":{"start":{"line":1,"column":0},"end":{"line":1,"column":13}}},"fnMap":{},"branchMap":{},"s":{"0":0},"f":{},"b":{}}
,"/home/runner/work/minfactory/minfactory/server/src/features/minrps/models/payloads/minrps-left.payload.ts": {"path":"/home/runner/work/minfactory/minfactory/server/src/features/minrps/models/payloads/minrps-left.payload.ts","statementMap":{"0":{"start":{"line":1,"column":0},"end":{"line":1,"column":13}}},"fnMap":{},"branchMap":{},"s":{"0":1},"f":{},"b":{}}
,"/home/runner/work/minfactory/minfactory/server/src/features/minrps/models/payloads/minrps-move-selected.payload.ts": {"path":"/home/runner/work/minfactory/minfactory/server/src/features/minrps/models/payloads/minrps-move-selected.payload.ts","statementMap":{"0":{"start":{"line":3,"column":0},"end":{"line":3,"column":13}}},"fnMap":{},"branchMap":{},"s":{"0":1},"f":{},"b":{}}
,"/home/runner/work/minfactory/minfactory/server/src/features/minrps/models/payloads/minrps-play.payload.ts": {"path":"/home/runner/work/minfactory/minfactory/server/src/features/minrps/models/payloads/minrps-play.payload.ts","statementMap":{"0":{"start":{"line":1,"column":0},"end":{"line":1,"column":13}}},"fnMap":{},"branchMap":{},"s":{"0":0},"f":{},"b":{}}
,"/home/runner/work/minfactory/minfactory/server/src/features/minrps/models/payloads/minrps-played.payload.ts": {"path":"/home/runner/work/minfactory/minfactory/server/src/features/minrps/models/payloads/minrps-played.payload.ts","statementMap":{"0":{"start":{"line":4,"column":0},"end":{"line":4,"column":13}}},"fnMap":{},"branchMap":{},"s":{"0":1},"f":{},"b":{}}
,"/home/runner/work/minfactory/minfactory/server/src/features/minrps/models/payloads/minrps-select-move.payload.ts": {"path":"/home/runner/work/minfactory/minfactory/server/src/features/minrps/models/payloads/minrps-select-move.payload.ts","statementMap":{"0":{"start":{"line":3,"column":0},"end":{"line":3,"column":13}}},"fnMap":{},"branchMap":{},"s":{"0":0},"f":{},"b":{}}
,"/home/runner/work/minfactory/minfactory/server/src/features/minrps/models/payloads/minrps-take-seat.payload.ts": {"path":"/home/runner/work/minfactory/minfactory/server/src/features/minrps/models/payloads/minrps-take-seat.payload.ts","statementMap":{"0":{"start":{"line":1,"column":0},"end":{"line":1,"column":13}}},"fnMap":{},"branchMap":{},"s":{"0":0},"f":{},"b":{}}
,"/home/runner/work/minfactory/minfactory/server/src/features/minrps/repositories/minrps-game.repository.ts": {"path":"/home/runner/work/minfactory/minfactory/server/src/features/minrps/repositories/minrps-game.repository.ts","statementMap":{"0":{"start":{"line":1,"column":0},"end":{"line":1,"column":63}},"1":{"start":{"line":2,"column":0},"end":{"line":2,"column":51}},"2":{"start":{"line":3,"column":0},"end":{"line":3,"column":37}},"3":{"start":{"line":4,"column":0},"end":{"line":4,"column":73}},"4":{"start":{"line":7,"column":7},"end":{"line":32,"column":null}},"5":{"start":{"line":9,"column":57},"end":{"line":9,"column":69}},"6":{"start":{"line":13,"column":37},"end":{"line":13,"column":59}},"7":{"start":{"line":14,"column":4},"end":{"line":14,"column":52}},"8":{"start":{"line":18,"column":4},"end":{"line":18,"column":72}},"9":{"start":{"line":22,"column":44},"end":{"line":22,"column":92}},"10":{"start":{"line":23,"column":4},"end":{"line":25,"column":5}},"11":{"start":{"line":24,"column":6},"end":{"line":24,"column":73}},"12":{"start":{"line":26,"column":4},"end":{"line":26,"column":18}},"13":{"start":{"line":30,"column":4},"end":{"line":30,"column":46}},"14":{"start":{"line":7,"column":13},"end":{"line":7,"column":33}},"15":{"start":{"line":7,"column":13},"end":{"line":32,"column":null}}},"fnMap":{"0":{"name":"(anonymous_4)","decl":{"start":{"line":8,"column":2},"end":{"line":8,"column":null}},"loc":{"start":{"line":9,"column":97},"end":{"line":10,"column":6}}},"1":{"name":"(anonymous_5)","decl":{"start":{"line":12,"column":9},"end":{"line":12,"column":14}},"loc":{"start":{"line":12,"column":32},"end":{"line":15,"column":3}}},"2":{"name":"(anonymous_6)","decl":{"start":{"line":17,"column":9},"end":{"line":17,"column":14}},"loc":{"start":{"line":17,"column":22},"end":{"line":19,"column":3}}},"3":{"name":"(anonymous_7)","decl":{"start":{"line":21,"column":9},"end":{"line":21,"column":14}},"loc":{"start":{"line":21,"column":33},"end":{"line":27,"column":3}}},"4":{"name":"(anonymous_8)","decl":{"start":{"line":29,"column":9},"end":{"line":29,"column":14}},"loc":{"start":{"line":29,"column":44},"end":{"line":31,"column":3}}}},"branchMap":{"0":{"loc":{"start":{"line":23,"column":4},"end":{"line":25,"column":5}},"type":"if","locations":[{"start":{"line":23,"column":4},"end":{"line":25,"column":5}}]},"1":{"loc":{"start":{"line":9,"column":69},"end":{"line":9,"column":97}},"type":"cond-expr","locations":[{"start":{"line":9,"column":79},"end":{"line":9,"column":97}},{"start":{"line":9,"column":79},"end":{"line":9,"column":97}}]},"2":{"loc":{"start":{"line":9,"column":69},"end":{"line":9,"column":79}},"type":"binary-expr","locations":[{"start":{"line":9,"column":69},"end":{"line":9,"column":97}},{"start":{"line":9,"column":69},"end":{"line":9,"column":79}}]}},"s":{"0":2,"1":2,"2":2,"3":2,"4":2,"5":0,"6":0,"7":0,"8":0,"9":0,"10":0,"11":0,"12":0,"13":0,"14":2,"15":2},"f":{"0":0,"1":0,"2":0,"3":0,"4":0},"b":{"0":[0],"1":[2,0],"2":[2,2]}}
,"/home/runner/work/minfactory/minfactory/server/src/features/minrps/repositories/minrps-match.repository.ts": {"path":"/home/runner/work/minfactory/minfactory/server/src/features/minrps/repositories/minrps-match.repository.ts","statementMap":{"0":{"start":{"line":1,"column":0},"end":{"line":1,"column":44}},"1":{"start":{"line":5,"column":7},"end":{"line":15,"column":null}},"2":{"start":{"line":6,"column":28},"end":{"line":6,"column":57}},"3":{"start":{"line":9,"column":4},"end":{"line":9,"column":32}},"4":{"start":{"line":13,"column":4},"end":{"line":13,"column":32}},"5":{"start":{"line":5,"column":13},"end":{"line":5,"column":34}},"6":{"start":{"line":5,"column":13},"end":{"line":15,"column":null}}},"fnMap":{"0":{"name":"(anonymous_1)","decl":{"start":{"line":8,"column":9},"end":{"line":8,"column":17}},"loc":{"start":{"line":8,"column":28},"end":{"line":10,"column":3}}},"1":{"name":"(anonymous_2)","decl":{"start":{"line":12,"column":9},"end":{"line":12,"column":13}},"loc":{"start":{"line":12,"column":43},"end":{"line":14,"column":3}}}},"branchMap":{},"s":{"0":0,"1":0,"2":0,"3":0,"4":0,"5":0,"6":0},"f":{"0":0,"1":0},"b":{}}
,"/home/runner/work/minfactory/minfactory/server/src/features/minrps/services/minrps-game.service.ts": {"path":"/home/runner/work/minfactory/minfactory/server/src/features/minrps/services/minrps-game.service.ts","statementMap":{"0":{"start":{"line":1,"column":0},"end":{"line":1,"column":44}},"1":{"start":{"line":2,"column":0},"end":{"line":2,"column":68}},"2":{"start":{"line":3,"column":0},"end":{"line":3,"column":62}},"3":{"start":{"line":4,"column":0},"end":{"line":4,"column":68}},"4":{"start":{"line":9,"column":0},"end":{"line":9,"column":78}},"5":{"start":{"line":12,"column":7},"end":{"line":55,"column":null}},"6":{"start":{"line":13,"column":31},"end":{"line":13,"column":47}},"7":{"start":{"line":17,"column":31},"end":{"line":17,"column":69}},"8":{"start":{"line":18,"column":37},"end":{"line":18,"column":78}},"9":{"start":{"line":20,"column":42},"end":{"line":20,"column":80}},"10":{"start":{"line":22,"column":36},"end":{"line":22,"column":82}},"11":{"start":{"line":23,"column":36},"end":{"line":23,"column":79}},"12":{"start":{"line":25,"column":4},"end":{"line":25,"column":20}},"13":{"start":{"line":29,"column":4},"end":{"line":29,"column":41}},"14":{"start":{"line":34,"column":40},"end":{"line":34,"column":75}},"15":{"start":{"line":36,"column":34},"end":{"line":37,"column":null}},"16":{"start":{"line":37,"column":6},"end":{"line":37,"column":47}},"17":{"start":{"line":39,"column":34},"end":{"line":40,"column":null}},"18":{"start":{"line":40,"column":6},"end":{"line":40,"column":44}},"19":{"start":{"line":43,"column":4},"end":{"line":43,"column":16}},"20":{"start":{"line":48,"column":19},"end":{"line":48,"column":56}},"21":{"start":{"line":50,"column":31},"end":{"line":50,"column":72}},"22":{"start":{"line":51,"column":31},"end":{"line":51,"column":69}},"23":{"start":{"line":53,"column":4},"end":{"line":53,"column":15}},"24":{"start":{"line":12,"column":13},"end":{"line":12,"column":30}},"25":{"start":{"line":12,"column":13},"end":{"line":55,"column":null}}},"fnMap":{"0":{"name":"(anonymous_2)","decl":{"start":{"line":13,"column":2},"end":{"line":13,"column":31}},"loc":{"start":{"line":13,"column":67},"end":{"line":13,"column":71}}},"1":{"name":"(anonymous_3)","decl":{"start":{"line":15,"column":9},"end":{"line":15,"column":14}},"loc":{"start":{"line":15,"column":50},"end":{"line":26,"column":3}}},"2":{"name":"(anonymous_4)","decl":{"start":{"line":28,"column":9},"end":{"line":28,"column":14}},"loc":{"start":{"line":28,"column":36},"end":{"line":30,"column":3}}},"3":{"name":"(anonymous_5)","decl":{"start":{"line":32,"column":9},"end":{"line":32,"column":14}},"loc":{"start":{"line":32,"column":26},"end":{"line":44,"column":3}}},"4":{"name":"(anonymous_6)","decl":{"start":{"line":36,"column":46},"end":{"line":36,"column":47}},"loc":{"start":{"line":37,"column":6},"end":{"line":37,"column":47}}},"5":{"name":"(anonymous_7)","decl":{"start":{"line":39,"column":46},"end":{"line":39,"column":47}},"loc":{"start":{"line":40,"column":6},"end":{"line":40,"column":44}}},"6":{"name":"(anonymous_8)","decl":{"start":{"line":46,"column":9},"end":{"line":46,"column":14}},"loc":{"start":{"line":46,"column":33},"end":{"line":54,"column":3}}}},"branchMap":{"0":{"loc":{"start":{"line":13,"column":47},"end":{"line":13,"column":70}},"type":"cond-expr","locations":[{"start":{"line":13,"column":67},"end":{"line":13,"column":70}},{"start":{"line":13,"column":67},"end":{"line":13,"column":70}}]},"1":{"loc":{"start":{"line":13,"column":47},"end":{"line":13,"column":67}},"type":"binary-expr","locations":[{"start":{"line":13,"column":47},"end":{"line":13,"column":70}},{"start":{"line":13,"column":47},"end":{"line":13,"column":67}}]}},"s":{"0":2,"1":2,"2":2,"3":2,"4":2,"5":2,"6":1,"7":0,"8":0,"9":0,"10":0,"11":0,"12":0,"13":0,"14":0,"15":0,"16":0,"17":0,"18":0,"19":0,"20":0,"21":0,"22":0,"23":0,"24":2,"25":2},"f":{"0":1,"1":0,"2":0,"3":0,"4":0,"5":0,"6":0},"b":{"0":[2,0],"1":[2,2]}}
,"/home/runner/work/minfactory/minfactory/server/src/features/minrps/services/minrps-multiplayer.service.ts": {"path":"/home/runner/work/minfactory/minfactory/server/src/features/minrps/services/minrps-multiplayer.service.ts","statementMap":{"0":{"start":{"line":1,"column":0},"end":{"line":1,"column":44}},"1":{"start":{"line":3,"column":0},"end":{"line":3,"column":71}},"2":{"start":{"line":4,"column":0},"end":{"line":4,"column":62}},"3":{"start":{"line":5,"column":0},"end":{"line":5,"column":99}},"4":{"start":{"line":7,"column":0},"end":{"line":7,"column":79}},"5":{"start":{"line":9,"column":0},"end":{"line":9,"column":75}},"6":{"start":{"line":10,"column":0},"end":{"line":10,"column":92}},"7":{"start":{"line":12,"column":0},"end":{"line":12,"column":79}},"8":{"start":{"line":15,"column":0},"end":{"line":15,"column":65}},"9":{"start":{"line":27,"column":7},"end":{"line":259,"column":null}},"10":{"start":{"line":28,"column":55},"end":{"line":28,"column":64}},"11":{"start":{"line":29,"column":58},"end":{"line":29,"column":67}},"12":{"start":{"line":31,"column":31},"end":{"line":31,"column":43}},"13":{"start":{"line":34,"column":4},"end":{"line":34,"column":57}},"14":{"start":{"line":38,"column":4},"end":{"line":38,"column":47}},"15":{"start":{"line":42,"column":18},"end":{"line":42,"column":49}},"16":{"start":{"line":43,"column":20},"end":{"line":43,"column":54}},"17":{"start":{"line":44,"column":4},"end":{"line":44,"column":28}},"18":{"start":{"line":45,"column":4},"end":{"line":45,"column":47}},"19":{"start":{"line":46,"column":4},"end":{"line":46,"column":51}},"20":{"start":{"line":47,"column":4},"end":{"line":47,"column":76}},"21":{"start":{"line":48,"column":4},"end":{"line":48,"column":42}},"22":{"start":{"line":49,"column":4},"end":{"line":49,"column":47}},"23":{"start":{"line":50,"column":4},"end":{"line":50,"column":51}},"24":{"start":{"line":51,"column":4},"end":{"line":51,"column":76}},"25":{"start":{"line":52,"column":4},"end":{"line":52,"column":42}},"26":{"start":{"line":53,"column":4},"end":{"line":53,"column":19}},"27":{"start":{"line":57,"column":4},"end":{"line":57,"column":62}},"28":{"start":{"line":60,"column":4},"end":{"line":60,"column":64}},"29":{"start":{"line":63,"column":16},"end":{"line":63,"column":59}},"30":{"start":{"line":64,"column":4},"end":{"line":74,"column":5}},"31":{"start":{"line":65,"column":6},"end":{"line":72,"column":8}},"32":{"start":{"line":73,"column":6},"end":{"line":73,"column":57}},"33":{"start":{"line":77,"column":47},"end":{"line":77,"column":72}},"34":{"start":{"line":78,"column":4},"end":{"line":78,"column":46}},"35":{"start":{"line":79,"column":4},"end":{"line":79,"column":50}},"36":{"start":{"line":81,"column":4},"end":{"line":81,"column":25}},"37":{"start":{"line":86,"column":4},"end":{"line":86,"column":70}},"38":{"start":{"line":88,"column":4},"end":{"line":88,"column":74}},"39":{"start":{"line":91,"column":43},"end":{"line":91,"column":66}},"40":{"start":{"line":92,"column":4},"end":{"line":92,"column":45}},"41":{"start":{"line":93,"column":4},"end":{"line":93,"column":49}},"42":{"start":{"line":95,"column":4},"end":{"line":95,"column":23}},"43":{"start":{"line":99,"column":18},"end":{"line":99,"column":61}},"44":{"start":{"line":100,"column":4},"end":{"line":102,"column":5}},"45":{"start":{"line":101,"column":6},"end":{"line":101,"column":18}},"46":{"start":{"line":104,"column":4},"end":{"line":106,"column":5}},"47":{"start":{"line":105,"column":6},"end":{"line":105,"column":18}},"48":{"start":{"line":109,"column":4},"end":{"line":111,"column":5}},"49":{"start":{"line":110,"column":6},"end":{"line":110,"column":18}},"50":{"start":{"line":114,"column":23},"end":{"line":114,"column":85}},"51":{"start":{"line":116,"column":26},"end":{"line":116,"column":51}},"52":{"start":{"line":117,"column":4},"end":{"line":117,"column":46}},"53":{"start":{"line":118,"column":4},"end":{"line":118,"column":46}},"54":{"start":{"line":119,"column":4},"end":{"line":119,"column":50}},"55":{"start":{"line":120,"column":4},"end":{"line":120,"column":45}},"56":{"start":{"line":121,"column":4},"end":{"line":121,"column":46}},"57":{"start":{"line":122,"column":4},"end":{"line":122,"column":50}},"58":{"start":{"line":123,"column":4},"end":{"line":123,"column":64}},"59":{"start":{"line":126,"column":4},"end":{"line":126,"column":40}},"60":{"start":{"line":127,"column":4},"end":{"line":127,"column":40}},"61":{"start":{"line":129,"column":4},"end":{"line":129,"column":25}},"62":{"start":{"line":133,"column":4},"end":{"line":133,"column":53}},"63":{"start":{"line":137,"column":4},"end":{"line":139,"column":5}},"64":{"start":{"line":138,"column":6},"end":{"line":138,"column":50}},"65":{"start":{"line":143,"column":4},"end":{"line":143,"column":43}},"66":{"start":{"line":147,"column":18},"end":{"line":147,"column":67}},"67":{"start":{"line":148,"column":4},"end":{"line":154,"column":5}},"68":{"start":{"line":149,"column":6},"end":{"line":153,"column":7}},"69":{"start":{"line":150,"column":8},"end":{"line":150,"column":51}},"70":{"start":{"line":151,"column":13},"end":{"line":153,"column":7}},"71":{"start":{"line":152,"column":8},"end":{"line":152,"column":51}},"72":{"start":{"line":156,"column":32},"end":{"line":156,"column":63}},"73":{"start":{"line":157,"column":4},"end":{"line":157,"column":58}},"74":{"start":{"line":158,"column":4},"end":{"line":158,"column":62}},"75":{"start":{"line":159,"column":4},"end":{"line":159,"column":54}},"76":{"start":{"line":161,"column":4},"end":{"line":161,"column":31}},"77":{"start":{"line":165,"column":18},"end":{"line":165,"column":65}},"78":{"start":{"line":166,"column":24},"end":{"line":166,"column":72}},"79":{"start":{"line":168,"column":4},"end":{"line":170,"column":5}},"80":{"start":{"line":169,"column":6},"end":{"line":169,"column":57}},"81":{"start":{"line":172,"column":22},"end":{"line":172,"column":68}},"82":{"start":{"line":173,"column":22},"end":{"line":173,"column":68}},"83":{"start":{"line":175,"column":4},"end":{"line":193,"column":5}},"84":{"start":{"line":176,"column":6},"end":{"line":178,"column":7}},"85":{"start":{"line":177,"column":8},"end":{"line":177,"column":59}},"86":{"start":{"line":179,"column":6},"end":{"line":183,"column":7}},"87":{"start":{"line":180,"column":8},"end":{"line":180,"column":53}},"88":{"start":{"line":181,"column":8},"end":{"line":181,"column":40}},"89":{"start":{"line":182,"column":8},"end":{"line":182,"column":44}},"90":{"start":{"line":184,"column":11},"end":{"line":193,"column":5}},"91":{"start":{"line":185,"column":6},"end":{"line":187,"column":7}},"92":{"start":{"line":186,"column":8},"end":{"line":186,"column":59}},"93":{"start":{"line":188,"column":6},"end":{"line":192,"column":7}},"94":{"start":{"line":189,"column":8},"end":{"line":189,"column":53}},"95":{"start":{"line":190,"column":8},"end":{"line":190,"column":40}},"96":{"start":{"line":191,"column":8},"end":{"line":191,"column":44}},"97":{"start":{"line":195,"column":4},"end":{"line":195,"column":55}},"98":{"start":{"line":199,"column":4},"end":{"line":201,"column":5}},"99":{"start":{"line":200,"column":6},"end":{"line":200,"column":31}},"100":{"start":{"line":203,"column":4},"end":{"line":209,"column":5}},"101":{"start":{"line":208,"column":6},"end":{"line":208,"column":34}},"102":{"start":{"line":211,"column":4},"end":{"line":211,"column":32}},"103":{"start":{"line":215,"column":4},"end":{"line":219,"column":5}},"104":{"start":{"line":216,"column":6},"end":{"line":216,"column":34}},"105":{"start":{"line":217,"column":11},"end":{"line":219,"column":5}},"106":{"start":{"line":218,"column":6},"end":{"line":218,"column":34}},"107":{"start":{"line":220,"column":4},"end":{"line":220,"column":29}},"108":{"start":{"line":224,"column":18},"end":{"line":224,"column":49}},"109":{"start":{"line":225,"column":4},"end":{"line":227,"column":5}},"110":{"start":{"line":226,"column":6},"end":{"line":226,"column":13}},"111":{"start":{"line":229,"column":4},"end":{"line":237,"column":5}},"112":{"start":{"line":230,"column":6},"end":{"line":230,"column":27}},"113":{"start":{"line":231,"column":6},"end":{"line":231,"column":29}},"114":{"start":{"line":232,"column":6},"end":{"line":232,"column":42}},"115":{"start":{"line":233,"column":11},"end":{"line":237,"column":5}},"116":{"start":{"line":234,"column":6},"end":{"line":234,"column":27}},"117":{"start":{"line":235,"column":6},"end":{"line":235,"column":29}},"118":{"start":{"line":236,"column":6},"end":{"line":236,"column":42}},"119":{"start":{"line":239,"column":4},"end":{"line":241,"column":5}},"120":{"start":{"line":240,"column":6},"end":{"line":240,"column":41}},"121":{"start":{"line":245,"column":16},"end":{"line":245,"column":47}},"122":{"start":{"line":246,"column":4},"end":{"line":256,"column":5}},"123":{"start":{"line":247,"column":6},"end":{"line":254,"column":8}},"124":{"start":{"line":255,"column":6},"end":{"line":255,"column":45}},"125":{"start":{"line":257,"column":4},"end":{"line":257,"column":17}},"126":{"start":{"line":27,"column":13},"end":{"line":27,"column":37}},"127":{"start":{"line":27,"column":13},"end":{"line":259,"column":null}}},"fnMap":{"0":{"name":"(anonymous_2)","decl":{"start":{"line":31,"column":2},"end":{"line":31,"column":31}},"loc":{"start":{"line":31,"column":59},"end":{"line":31,"column":63}}},"1":{"name":"(anonymous_3)","decl":{"start":{"line":33,"column":9},"end":{"line":33,"column":30}},"loc":{"start":{"line":33,"column":45},"end":{"line":35,"column":3}}},"2":{"name":"(anonymous_4)","decl":{"start":{"line":37,"column":9},"end":{"line":37,"column":29}},"loc":{"start":{"line":37,"column":44},"end":{"line":39,"column":3}}},"3":{"name":"(anonymous_5)","decl":{"start":{"line":41,"column":9},"end":{"line":41,"column":21}},"loc":{"start":{"line":41,"column":36},"end":{"line":54,"column":3}}},"4":{"name":"(anonymous_6)","decl":{"start":{"line":56,"column":9},"end":{"line":56,"column":17}},"loc":{"start":{"line":56,"column":64},"end":{"line":82,"column":3}}},"5":{"name":"(anonymous_7)","decl":{"start":{"line":84,"column":9},"end":{"line":84,"column":18}},"loc":{"start":{"line":84,"column":67},"end":{"line":96,"column":3}}},"6":{"name":"(anonymous_8)","decl":{"start":{"line":98,"column":9},"end":{"line":98,"column":17}},"loc":{"start":{"line":98,"column":48},"end":{"line":130,"column":3}}},"7":{"name":"(anonymous_9)","decl":{"start":{"line":132,"column":9},"end":{"line":132,"column":33}},"loc":{"start":{"line":132,"column":48},"end":{"line":134,"column":3}}},"8":{"name":"(anonymous_10)","decl":{"start":{"line":136,"column":9},"end":{"line":136,"column":30}},"loc":{"start":{"line":136,"column":66},"end":{"line":140,"column":3}}},"9":{"name":"(anonymous_11)","decl":{"start":{"line":142,"column":9},"end":{"line":142,"column":26}},"loc":{"start":{"line":142,"column":41},"end":{"line":144,"column":3}}},"10":{"name":"(anonymous_12)","decl":{"start":{"line":146,"column":9},"end":{"line":146,"column":19}},"loc":{"start":{"line":146,"column":62},"end":{"line":162,"column":3}}},"11":{"name":"(anonymous_13)","decl":{"start":{"line":164,"column":9},"end":{"line":164,"column":17}},"loc":{"start":{"line":164,"column":58},"end":{"line":196,"column":3}}},"12":{"name":"(anonymous_14)","decl":{"start":{"line":198,"column":10},"end":{"line":198,"column":29}},"loc":{"start":{"line":198,"column":78},"end":{"line":212,"column":3}}},"13":{"name":"(anonymous_15)","decl":{"start":{"line":214,"column":10},"end":{"line":214,"column":22}},"loc":{"start":{"line":214,"column":43},"end":{"line":221,"column":3}}},"14":{"name":"(anonymous_16)","decl":{"start":{"line":223,"column":10},"end":{"line":223,"column":30}},"loc":{"start":{"line":223,"column":63},"end":{"line":242,"column":3}}},"15":{"name":"(anonymous_17)","decl":{"start":{"line":244,"column":10},"end":{"line":244,"column":26}},"loc":{"start":{"line":244,"column":41},"end":{"line":258,"column":3}}}},"branchMap":{"0":{"loc":{"start":{"line":45,"column":24},"end":{"line":45,"column":46}},"type":"binary-expr","locations":[{"start":{"line":45,"column":24},"end":{"line":45,"column":40}},{"start":{"line":45,"column":44},"end":{"line":45,"column":46}}]},"1":{"loc":{"start":{"line":46,"column":26},"end":{"line":46,"column":50}},"type":"binary-expr","locations":[{"start":{"line":46,"column":26},"end":{"line":46,"column":44}},{"start":{"line":46,"column":48},"end":{"line":46,"column":50}}]},"2":{"loc":{"start":{"line":49,"column":24},"end":{"line":49,"column":46}},"type":"binary-expr","locations":[{"start":{"line":49,"column":24},"end":{"line":49,"column":40}},{"start":{"line":49,"column":44},"end":{"line":49,"column":46}}]},"3":{"loc":{"start":{"line":50,"column":26},"end":{"line":50,"column":50}},"type":"binary-expr","locations":[{"start":{"line":50,"column":26},"end":{"line":50,"column":44}},{"start":{"line":50,"column":48},"end":{"line":50,"column":50}}]},"4":{"loc":{"start":{"line":64,"column":4},"end":{"line":74,"column":5}},"type":"if","locations":[{"start":{"line":64,"column":4},"end":{"line":74,"column":5}}]},"5":{"loc":{"start":{"line":100,"column":4},"end":{"line":102,"column":5}},"type":"if","locations":[{"start":{"line":100,"column":4},"end":{"line":102,"column":5}}]},"6":{"loc":{"start":{"line":100,"column":8},"end":{"line":100,"column":54}},"type":"binary-expr","locations":[{"start":{"line":100,"column":8},"end":{"line":100,"column":14}},{"start":{"line":100,"column":18},"end":{"line":100,"column":34}},{"start":{"line":100,"column":38},"end":{"line":100,"column":54}}]},"7":{"loc":{"start":{"line":104,"column":4},"end":{"line":106,"column":5}},"type":"if","locations":[{"start":{"line":104,"column":4},"end":{"line":106,"column":5}}]},"8":{"loc":{"start":{"line":104,"column":8},"end":{"line":104,"column":92}},"type":"binary-expr","locations":[{"start":{"line":104,"column":8},"end":{"line":104,"column":48}},{"start":{"line":104,"column":52},"end":{"line":104,"column":92}}]},"9":{"loc":{"start":{"line":109,"column":4},"end":{"line":111,"column":5}},"type":"if","locations":[{"start":{"line":109,"column":4},"end":{"line":111,"column":5}}]},"10":{"loc":{"start":{"line":109,"column":8},"end":{"line":109,"column":86}},"type":"binary-expr","locations":[{"start":{"line":109,"column":8},"end":{"line":109,"column":45}},{"start":{"line":109,"column":49},"end":{"line":109,"column":86}}]},"11":{"loc":{"start":{"line":148,"column":4},"end":{"line":154,"column":5}},"type":"if","locations":[{"start":{"line":148,"column":4},"end":{"line":154,"column":5}}]},"12":{"loc":{"start":{"line":149,"column":6},"end":{"line":153,"column":7}},"type":"if","locations":[{"start":{"line":149,"column":6},"end":{"line":153,"column":7}},{"start":{"line":151,"column":13},"end":{"line":153,"column":7}}]},"13":{"loc":{"start":{"line":151,"column":13},"end":{"line":153,"column":7}},"type":"if","locations":[{"start":{"line":151,"column":13},"end":{"line":153,"column":7}}]},"14":{"loc":{"start":{"line":168,"column":4},"end":{"line":170,"column":5}},"type":"if","locations":[{"start":{"line":168,"column":4},"end":{"line":170,"column":5}}]},"15":{"loc":{"start":{"line":175,"column":4},"end":{"line":193,"column":5}},"type":"if","locations":[{"start":{"line":175,"column":4},"end":{"line":193,"column":5}},{"start":{"line":184,"column":11},"end":{"line":193,"column":5}}]},"16":{"loc":{"start":{"line":176,"column":6},"end":{"line":178,"column":7}},"type":"if","locations":[{"start":{"line":176,"column":6},"end":{"line":178,"column":7}}]},"17":{"loc":{"start":{"line":179,"column":6},"end":{"line":183,"column":7}},"type":"if","locations":[{"start":{"line":179,"column":6},"end":{"line":183,"column":7}}]},"18":{"loc":{"start":{"line":179,"column":10},"end":{"line":179,"column":39}},"type":"binary-expr","locations":[{"start":{"line":179,"column":10},"end":{"line":179,"column":26}},{"start":{"line":179,"column":30},"end":{"line":179,"column":39}}]},"19":{"loc":{"start":{"line":184,"column":11},"end":{"line":193,"column":5}},"type":"if","locations":[{"start":{"line":184,"column":11},"end":{"line":193,"column":5}}]},"20":{"loc":{"start":{"line":185,"column":6},"end":{"line":187,"column":7}},"type":"if","locations":[{"start":{"line":185,"column":6},"end":{"line":187,"column":7}}]},"21":{"loc":{"start":{"line":188,"column":6},"end":{"line":192,"column":7}},"type":"if","locations":[{"start":{"line":188,"column":6},"end":{"line":192,"column":7}}]},"22":{"loc":{"start":{"line":188,"column":10},"end":{"line":188,"column":39}},"type":"binary-expr","locations":[{"start":{"line":188,"column":10},"end":{"line":188,"column":26}},{"start":{"line":188,"column":30},"end":{"line":188,"column":39}}]},"23":{"loc":{"start":{"line":199,"column":4},"end":{"line":201,"column":5}},"type":"if","locations":[{"start":{"line":199,"column":4},"end":{"line":201,"column":5}}]},"24":{"loc":{"start":{"line":203,"column":4},"end":{"line":209,"column":5}},"type":"if","locations":[{"start":{"line":203,"column":4},"end":{"line":209,"column":5}}]},"25":{"loc":{"start":{"line":204,"column":6},"end":{"line":206,"column":79}},"type":"binary-expr","locations":[{"start":{"line":204,"column":7},"end":{"line":204,"column":38}},{"start":{"line":204,"column":42},"end":{"line":204,"column":77}},{"start":{"line":205,"column":7},"end":{"line":205,"column":39}},{"start":{"line":205,"column":43},"end":{"line":205,"column":74}},{"start":{"line":206,"column":7},"end":{"line":206,"column":42}},{"start":{"line":206,"column":46},"end":{"line":206,"column":78}}]},"26":{"loc":{"start":{"line":215,"column":4},"end":{"line":219,"column":5}},"type":"if","locations":[{"start":{"line":215,"column":4},"end":{"line":219,"column":5}},{"start":{"line":217,"column":11},"end":{"line":219,"column":5}}]},"27":{"loc":{"start":{"line":217,"column":11},"end":{"line":219,"column":5}},"type":"if","locations":[{"start":{"line":217,"column":11},"end":{"line":219,"column":5}}]},"28":{"loc":{"start":{"line":225,"column":4},"end":{"line":227,"column":5}},"type":"if","locations":[{"start":{"line":225,"column":4},"end":{"line":227,"column":5}}]},"29":{"loc":{"start":{"line":229,"column":4},"end":{"line":237,"column":5}},"type":"if","locations":[{"start":{"line":229,"column":4},"end":{"line":237,"column":5}},{"start":{"line":233,"column":11},"end":{"line":237,"column":5}}]},"30":{"loc":{"start":{"line":233,"column":11},"end":{"line":237,"column":5}},"type":"if","locations":[{"start":{"line":233,"column":11},"end":{"line":237,"column":5}}]},"31":{"loc":{"start":{"line":239,"column":4},"end":{"line":241,"column":5}},"type":"if","locations":[{"start":{"line":239,"column":4},"end":{"line":241,"column":5}}]},"32":{"loc":{"start":{"line":239,"column":8},"end":{"line":239,"column":44}},"type":"binary-expr","locations":[{"start":{"line":239,"column":8},"end":{"line":239,"column":24}},{"start":{"line":239,"column":28},"end":{"line":239,"column":44}}]},"33":{"loc":{"start":{"line":246,"column":4},"end":{"line":256,"column":5}},"type":"if","locations":[{"start":{"line":246,"column":4},"end":{"line":256,"column":5}}]},"34":{"loc":{"start":{"line":31,"column":43},"end":{"line":31,"column":62}},"type":"cond-expr","locations":[{"start":{"line":31,"column":59},"end":{"line":31,"column":62}},{"start":{"line":31,"column":59},"end":{"line":31,"column":62}}]},"35":{"loc":{"start":{"line":31,"column":43},"end":{"line":31,"column":59}},"type":"binary-expr","locations":[{"start":{"line":31,"column":43},"end":{"line":31,"column":62}},{"start":{"line":31,"column":43},"end":{"line":31,"column":59}}]}},"s":{"0":1,"1":1,"2":1,"3":1,"4":1,"5":1,"6":1,"7":1,"8":1,"9":1,"10":1,"11":1,"12":1,"13":0,"14":0,"15":0,"16":0,"17":0,"18":0,"19":0,"20":0,"21":0,"22":0,"23":0,"24":0,"25":0,"26":0,"27":0,"28":0,"29":0,"30":0,"31":0,"32":0,"33":0,"34":0,"35":0,"36":0,"37":0,"38":0,"39":0,"40":0,"41":0,"42":0,"43":0,"44":0,"45":0,"46":0,"47":0,"48":0,"49":0,"50":0,"51":0,"52":0,"53":0,"54":0,"55":0,"56":0,"57":0,"58":0,"59":0,"60":0,"61":0,"62":0,"63":0,"64":0,"65":0,"66":0,"67":0,"68":0,"69":0,"70":0,"71":0,"72":0,"73":0,"74":0,"75":0,"76":0,"77":0,"78":0,"79":0,"80":0,"81":0,"82":0,"83":0,"84":0,"85":0,"86":0,"87":0,"88":0,"89":0,"90":0,"91":0,"92":0,"93":0,"94":0,"95":0,"96":0,"97":0,"98":0,"99":0,"100":0,"101":0,"102":0,"103":0,"104":0,"105":0,"106":0,"107":0,"108":0,"109":0,"110":0,"111":0,"112":0,"113":0,"114":0,"115":0,"116":0,"117":0,"118":0,"119":0,"120":0,"121":0,"122":0,"123":0,"124":0,"125":0,"126":1,"127":1},"f":{"0":1,"1":0,"2":0,"3":0,"4":0,"5":0,"6":0,"7":0,"8":0,"9":0,"10":0,"11":0,"12":0,"13":0,"14":0,"15":0},"b":{"0":[0,0],"1":[0,0],"2":[0,0],"3":[0,0],"4":[0],"5":[0],"6":[0,0,0],"7":[0],"8":[0,0],"9":[0],"10":[0,0],"11":[0],"12":[0,0],"13":[0],"14":[0],"15":[0,0],"16":[0],"17":[0],"18":[0,0],"19":[0],"20":[0],"21":[0],"22":[0,0],"23":[0],"24":[0],"25":[0,0,0,0,0,0],"26":[0,0],"27":[0],"28":[0],"29":[0,0],"30":[0],"31":[0],"32":[0,0],"33":[0],"34":[1,0],"35":[1,1]}}
,"/home/runner/work/minfactory/minfactory/server/src/features/minrps/services/minrps-singleplayer.service.ts": {"path":"/home/runner/work/minfactory/minfactory/server/src/features/minrps/services/minrps-singleplayer.service.ts","statementMap":{"0":{"start":{"line":1,"column":0},"end":{"line":1,"column":44}},"1":{"start":{"line":2,"column":0},"end":{"line":2,"column":68}},"2":{"start":{"line":3,"column":0},"end":{"line":3,"column":62}},"3":{"start":{"line":5,"column":0},"end":{"line":5,"column":63}},"4":{"start":{"line":9,"column":0},"end":{"line":9,"column":62}},"5":{"start":{"line":12,"column":7},"end":{"line":33,"column":null}},"6":{"start":{"line":15,"column":31},"end":{"line":15,"column":71}},"7":{"start":{"line":17,"column":4},"end":{"line":17,"column":42}},"8":{"start":{"line":18,"column":4},"end":{"line":18,"column":48}},"9":{"start":{"line":20,"column":33},"end":{"line":20,"column":51}},"10":{"start":{"line":22,"column":45},"end":{"line":22,"column":93}},"11":{"start":{"line":23,"column":4},"end":{"line":23,"column":32}},"12":{"start":{"line":25,"column":4},"end":{"line":25,"column":23}},"13":{"start":{"line":29,"column":32},"end":{"line":29,"column":88}},"14":{"start":{"line":30,"column":32},"end":{"line":30,"column":72}},"15":{"start":{"line":31,"column":4},"end":{"line":31,"column":30}},"16":{"start":{"line":12,"column":13},"end":{"line":12,"column":38}},"17":{"start":{"line":12,"column":13},"end":{"line":33,"column":null}}},"fnMap":{"0":{"name":"(anonymous_1)","decl":{"start":{"line":13,"column":9},"end":{"line":13,"column":17}},"loc":{"start":{"line":13,"column":40},"end":{"line":26,"column":3}}},"1":{"name":"(anonymous_2)","decl":{"start":{"line":28,"column":10},"end":{"line":28,"column":23}},"loc":{"start":{"line":28,"column":23},"end":{"line":32,"column":3}}}},"branchMap":{},"s":{"0":2,"1":2,"2":2,"3":2,"4":2,"5":2,"6":0,"7":0,"8":0,"9":0,"10":0,"11":0,"12":0,"13":0,"14":0,"15":0,"16":2,"17":2},"f":{"0":0,"1":0},"b":{}}
,"/home/runner/work/minfactory/minfactory/server/src/features/minrps/systems/minrps-room.system.ts": {"path":"/home/runner/work/minfactory/minfactory/server/src/features/minrps/systems/minrps-room.system.ts","statementMap":{"0":{"start":{"line":1,"column":0},"end":{"line":1,"column":44}},"1":{"start":{"line":5,"column":7},"end":{"line":47,"column":null}},"2":{"start":{"line":6,"column":27},"end":{"line":6,"column":57}},"3":{"start":{"line":9,"column":4},"end":{"line":9,"column":26}},"4":{"start":{"line":10,"column":4},"end":{"line":12,"column":5}},"5":{"start":{"line":11,"column":6},"end":{"line":11,"column":32}},"6":{"start":{"line":13,"column":4},"end":{"line":13,"column":45}},"7":{"start":{"line":17,"column":32},"end":{"line":17,"column":34}},"8":{"start":{"line":18,"column":4},"end":{"line":22,"column":5}},"9":{"start":{"line":19,"column":6},"end":{"line":21,"column":7}},"10":{"start":{"line":20,"column":8},"end":{"line":20,"column":33}},"11":{"start":{"line":23,"column":4},"end":{"line":23,"column":21}},"12":{"start":{"line":27,"column":4},"end":{"line":29,"column":5}},"13":{"start":{"line":28,"column":6},"end":{"line":28,"column":46}},"14":{"start":{"line":33,"column":4},"end":{"line":33,"column":27}},"15":{"start":{"line":34,"column":42},"end":{"line":34,"column":66}},"16":{"start":{"line":35,"column":4},"end":{"line":37,"column":5}},"17":{"start":{"line":36,"column":6},"end":{"line":36,"column":13}},"18":{"start":{"line":38,"column":4},"end":{"line":38,"column":27}},"19":{"start":{"line":39,"column":4},"end":{"line":41,"column":5}},"20":{"start":{"line":40,"column":6},"end":{"line":40,"column":34}},"21":{"start":{"line":45,"column":4},"end":{"line":45,"column":40}},"22":{"start":{"line":5,"column":13},"end":{"line":5,"column":29}},"23":{"start":{"line":5,"column":13},"end":{"line":47,"column":null}}},"fnMap":{"0":{"name":"(anonymous_1)","decl":{"start":{"line":8,"column":9},"end":{"line":8,"column":24}},"loc":{"start":{"line":8,"column":57},"end":{"line":14,"column":3}}},"1":{"name":"(anonymous_2)","decl":{"start":{"line":16,"column":9},"end":{"line":16,"column":30}},"loc":{"start":{"line":16,"column":45},"end":{"line":24,"column":3}}},"2":{"name":"(anonymous_3)","decl":{"start":{"line":26,"column":9},"end":{"line":26,"column":33}},"loc":{"start":{"line":26,"column":48},"end":{"line":30,"column":3}}},"3":{"name":"(anonymous_4)","decl":{"start":{"line":32,"column":9},"end":{"line":32,"column":29}},"loc":{"start":{"line":32,"column":62},"end":{"line":42,"column":3}}},"4":{"name":"(anonymous_5)","decl":{"start":{"line":44,"column":10},"end":{"line":44,"column":20}},"loc":{"start":{"line":44,"column":37},"end":{"line":46,"column":3}}}},"branchMap":{"0":{"loc":{"start":{"line":10,"column":4},"end":{"line":12,"column":5}},"type":"if","locations":[{"start":{"line":10,"column":4},"end":{"line":12,"column":5}}]},"1":{"loc":{"start":{"line":19,"column":6},"end":{"line":21,"column":7}},"type":"if","locations":[{"start":{"line":19,"column":6},"end":{"line":21,"column":7}}]},"2":{"loc":{"start":{"line":35,"column":4},"end":{"line":37,"column":5}},"type":"if","locations":[{"start":{"line":35,"column":4},"end":{"line":37,"column":5}}]},"3":{"loc":{"start":{"line":39,"column":4},"end":{"line":41,"column":5}},"type":"if","locations":[{"start":{"line":39,"column":4},"end":{"line":41,"column":5}}]}},"s":{"0":2,"1":2,"2":2,"3":0,"4":0,"5":0,"6":0,"7":0,"8":0,"9":0,"10":0,"11":0,"12":0,"13":0,"14":0,"15":0,"16":0,"17":0,"18":0,"19":0,"20":0,"21":0,"22":2,"23":2},"f":{"0":0,"1":0,"2":0,"3":0,"4":0},"b":{"0":[0],"1":[0],"2":[0],"3":[0]}}
,"/home/runner/work/minfactory/minfactory/server/src/shared/enums/app-name.enum.ts": {"path":"/home/runner/work/minfactory/minfactory/server/src/shared/enums/app-name.enum.ts","statementMap":{"0":{"start":{"line":1,"column":0},"end":{"line":1,"column":null}},"1":{"start":{"line":2,"column":2},"end":{"line":2,"column":null}},"2":{"start":{"line":3,"column":2},"end":{"line":3,"column":null}}},"fnMap":{"0":{"name":"(anonymous_0)","decl":{"start":{"line":1,"column":0},"end":{"line":1,"column":12}},"loc":{"start":{"line":1,"column":19},"end":{"line":4,"column":1}}}},"branchMap":{"0":{"loc":{"start":{"line":1,"column":12},"end":{"line":1,"column":null}},"type":"binary-expr","locations":[{"start":{"line":1,"column":12},"end":{"line":1,"column":19}},{"start":{"line":1,"column":19},"end":{"line":1,"column":null}}]}},"s":{"0":4,"1":4,"2":4},"f":{"0":4},"b":{"0":[4,4]}}
,"/home/runner/work/minfactory/minfactory/server/src/shared/enums/namespace.enum.ts": {"path":"/home/runner/work/minfactory/minfactory/server/src/shared/enums/namespace.enum.ts","statementMap":{"0":{"start":{"line":1,"column":0},"end":{"line":1,"column":null}},"1":{"start":{"line":2,"column":2},"end":{"line":2,"column":null}}},"fnMap":{"0":{"name":"(anonymous_0)","decl":{"start":{"line":1,"column":0},"end":{"line":1,"column":12}},"loc":{"start":{"line":1,"column":21},"end":{"line":3,"column":1}}}},"branchMap":{"0":{"loc":{"start":{"line":1,"column":12},"end":{"line":1,"column":null}},"type":"binary-expr","locations":[{"start":{"line":1,"column":12},"end":{"line":1,"column":21}},{"start":{"line":1,"column":21},"end":{"line":1,"column":null}}]}},"s":{"0":0,"1":0},"f":{"0":0},"b":{"0":[0,0]}}
,"/home/runner/work/minfactory/minfactory/server/src/shared/exceptions/game-rule.exception.ts": {"path":"/home/runner/work/minfactory/minfactory/server/src/shared/exceptions/game-rule.exception.ts","statementMap":{"0":{"start":{"line":1,"column":0},"end":{"line":1,"column":51}},"1":{"start":{"line":5,"column":4},"end":{"line":5,"column":19}},"2":{"start":{"line":3,"column":0},"end":{"line":3,"column":13}}},"fnMap":{"0":{"name":"(anonymous_0)","decl":{"start":{"line":4,"column":2},"end":{"line":4,"column":14}},"loc":{"start":{"line":4,"column":29},"end":{"line":6,"column":3}}}},"branchMap":{},"s":{"0":4,"1":0,"2":4},"f":{"0":0},"b":{}}
,"/home/runner/work/minfactory/minfactory/server/src/shared/objects/acknowledgement.ts": {"path":"/home/runner/work/minfactory/minfactory/server/src/shared/objects/acknowledgement.ts","statementMap":{"0":{"start":{"line":2,"column":30},"end":{"line":2,"column":34}},"1":{"start":{"line":3,"column":27},"end":{"line":3,"column":31}},"2":{"start":{"line":1,"column":0},"end":{"line":1,"column":13}}},"fnMap":{},"branchMap":{},"s":{"0":0,"1":0,"2":0},"f":{},"b":{}}
}
